<?xml version="1.0" encoding="UTF-8"?>
<!-- Generated by org.testng.reporters.JUnitXMLReporter -->
<testsuite ignored="2" hostname="SeemaPatil" failures="1" tests="22" name="Test" time="35.759" errors="0" timestamp="2024-04-08T17:27:12 IST">
  <testcase classname="Selenium.TestNG1" name="a1" time="0.008"/>
  <testcase classname="Selenium.TestNG1" name="a2" time="0.001"/>
  <testcase classname="Selenium.testNG6" name="z" time="0.013">
    <failure type="java.lang.AssertionError" message="expected [true] but found [false]">
      <![CDATA[java.lang.AssertionError: expected [true] but found [false]
at Selenium.testNG6.z(testNG6.java:10)
at java.base/java.util.ArrayList.forEach(ArrayList.java:1511)
... Removed 29 stack frames]]>
    </failure>
  </testcase> <!-- z -->
  <testcase classname="Selenium.testNG6" name="b" time="0.001">
    <skipped/>
  </testcase> <!-- b -->
  <testcase classname="Selenium.testNG5" name="a" time="0.001"/>
  <testcase classname="Selenium.testNG5" name="c" time="0.001"/>
  <testcase classname="Selenium.testNG5" name="c" time="0.001"/>
  <testcase classname="Selenium.testNG4" name="c" time="0.001"/>
  <testcase classname="Selenium.testNG4" name="d" time="0.001"/>
  <testcase classname="Selenium.testNG4" name="d" time="0.001"/>
  <testcase classname="Selenium.testNG4" name="f" time="0.0">
    <skipped/>
  </testcase> <!-- f -->
  <testcase classname="Selenium.testNG3" name="a" time="0.001"/>
  <testcase classname="Selenium.testNG3" name="c" time="0.001"/>
  <testcase classname="Selenium.testNG3" name="d" time="0.001"/>
  <testcase classname="Selenium.testNG3" name="b" time="0.001"/>
  <testcase classname="Selenium.testNG2" name="a1" time="0.0"/>
  <testcase classname="Selenium.testNG2" name="a3" time="0.001"/>
  <testcase classname="Selenium.testNG2" name="ab" time="0.001"/>
  <testcase classname="Selenium.testNG2" name="z" time="0.0"/>
  <testcase classname="Selenium.testNG7DataParameterization" name="enterData" time="10.789"/>
  <testcase classname="Selenium.testNG7DataParameterization" name="enterData" time="10.698"/>
  <testcase classname="Selenium.testNG7DataParameterization" name="enterData" time="10.654"/>
  <testcase classname="Selenium.testNG5" name="b" time="0.0">
    <ignored/>
  </testcase> <!-- b -->
  <testcase classname="Selenium.testNG4" name="b" time="0.0">
    <ignored/>
  </testcase> <!-- b -->
</testsuite> <!-- Test -->
